Build started 5/29/2018 2:28:54 PM.
     1>Project "E:\MIKA\fax\ETF\aaaaaaaaaaaasp\ConsoleApplication1\ConsoleApplication1\ConsoleApplication1.vcxproj" on node 2 (Build target(s)).
     1>ClCompile:
         C:\Program Files\Microsoft Visual Studio 12.0\VC\bin\CL.exe /c /ZI /nologo /W3 /WX- /Od /Oy- /D WIN32 /D _DEBUG /D _CONSOLE /D _LIB /D _UNICODE /D UNICODE /Gm /EHsc /RTC1 /MDd /GS /fp:precise /Zc:wchar_t /Zc:forScope /Fo"Debug\\" /Fd"Debug\vc120.pdb" /Gd /TC /analyze- /errorReport:prompt Source.c
         Source.c
     1>e:\mika\fax\etf\aaaaaaaaaaaasp\consoleapplication1\consoleapplication1\source.c(35): warning C4996: 'scanf': This function or variable may be unsafe. Consider using scanf_s instead. To disable deprecation, use _CRT_SECURE_NO_WARNINGS. See online help for details.
                 c:\program files\microsoft visual studio 12.0\vc\include\stdio.h(283) : see declaration of 'scanf'
     1>e:\mika\fax\etf\aaaaaaaaaaaasp\consoleapplication1\consoleapplication1\source.c(46): warning C4996: 'scanf': This function or variable may be unsafe. Consider using scanf_s instead. To disable deprecation, use _CRT_SECURE_NO_WARNINGS. See online help for details.
                 c:\program files\microsoft visual studio 12.0\vc\include\stdio.h(283) : see declaration of 'scanf'
     1>e:\mika\fax\etf\aaaaaaaaaaaasp\consoleapplication1\consoleapplication1\source.c(49): warning C4996: 'scanf': This function or variable may be unsafe. Consider using scanf_s instead. To disable deprecation, use _CRT_SECURE_NO_WARNINGS. See online help for details.
                 c:\program files\microsoft visual studio 12.0\vc\include\stdio.h(283) : see declaration of 'scanf'
     1>e:\mika\fax\etf\aaaaaaaaaaaasp\consoleapplication1\consoleapplication1\source.c(78): warning C4101: 'i' : unreferenced local variable
     1>e:\mika\fax\etf\aaaaaaaaaaaasp\consoleapplication1\consoleapplication1\source.c(210): warning C4996: 'scanf': This function or variable may be unsafe. Consider using scanf_s instead. To disable deprecation, use _CRT_SECURE_NO_WARNINGS. See online help for details.
                 c:\program files\microsoft visual studio 12.0\vc\include\stdio.h(283) : see declaration of 'scanf'
     1>e:\mika\fax\etf\aaaaaaaaaaaasp\consoleapplication1\consoleapplication1\source.c(307): error C2057: expected constant expression
     1>e:\mika\fax\etf\aaaaaaaaaaaasp\consoleapplication1\consoleapplication1\source.c(307): error C2466: cannot allocate an array of constant size 0
     1>e:\mika\fax\etf\aaaaaaaaaaaasp\consoleapplication1\consoleapplication1\source.c(307): error C2133: 'key' : unknown size
     1>e:\mika\fax\etf\aaaaaaaaaaaasp\consoleapplication1\consoleapplication1\source.c(308): error C2057: expected constant expression
     1>e:\mika\fax\etf\aaaaaaaaaaaasp\consoleapplication1\consoleapplication1\source.c(308): error C2466: cannot allocate an array of constant size 0
     1>e:\mika\fax\etf\aaaaaaaaaaaasp\consoleapplication1\consoleapplication1\source.c(308): error C2133: 'mstSet' : unknown size
     1>e:\mika\fax\etf\aaaaaaaaaaaasp\consoleapplication1\consoleapplication1\source.c(310): error C2057: expected constant expression
     1>e:\mika\fax\etf\aaaaaaaaaaaasp\consoleapplication1\consoleapplication1\source.c(310): error C2466: cannot allocate an array of constant size 0
     1>e:\mika\fax\etf\aaaaaaaaaaaasp\consoleapplication1\consoleapplication1\source.c(310): error C2133: 'parent' : unknown size
     1>e:\mika\fax\etf\aaaaaaaaaaaasp\consoleapplication1\consoleapplication1\source.c(334): warning C4013: 'minKey' undefined; assuming extern returning int
     1>Done Building Project "E:\MIKA\fax\ETF\aaaaaaaaaaaasp\ConsoleApplication1\ConsoleApplication1\ConsoleApplication1.vcxproj" (Build target(s)) -- FAILED.

Build FAILED.

Time Elapsed 00:00:03.66
